producer_class	xtools.gsea.Gsea
producer_timestamp	1647849504390
param	zip_report	false
param	num	100
param	scoring_scheme	weighted
param	norm	meandiv
param	out	/Users/aliciapliego/Projects/iPSC/data
param	mode	Max_probe
param	include_only_symbols	true
param	set_max	500
param	gmx	/Users/aliciapliego/Projects/iPSC/data/autophagy.gmx.txt
param	plot_top_x	20
param	nperm	1000
param	order	descending
param	rpt_label	autophagy
param	rnd_seed	timestamp
param	set_min	15
param	res	/Users/aliciapliego/Projects/iPSC/data/normalized_counts.txt
param	chip	ftp.broadinstitute.org://pub/gsea/annotations_versioned/Human_Gene_Symbol_with_Remapping_MSigDB.v7.5.chip
param	create_svgs	false
param	cls	/Users/aliciapliego/Projects/iPSC/data/phenotype.cls#tw029_versus_av111
param	sort	real
param	create_gcts	false
param	help	false
param	save_rnd_lists	false
param	median	false
param	metric	Signal2Noise
param	make_sets	true
param	rnd_type	no_balance
param	gui	false
param	permute	gene_set
param	collapse	Collapse

file	/Users/aliciapliego/Projects/iPSC/data/autophagy.Gsea.1647849504390/index.html
